<?xml version="1.0" encoding="UTF-8" ?>
<testsuite tests="2" failures="0" name="com.taotao.search.SolrCloudTest" time="21.042" errors="2" skipped="0">
  <properties>
[...]
</properties>
  <testcase classname="com.taotao.search.SolrCloudTest" name="deleteDocument" time="10.722">
    <error message="java.util.concurrent.TimeoutException: Could not connect to ZooKeeper 192.168.91.130:2181,192.168.91.131:2181,192.168.91.132:2181 within 10000 ms" type="org.apache.solr.common.SolrException">org.apache.solr.common.SolrException: java.util.concurrent.TimeoutException: Could not connect to ZooKeeper 192.168.91.130:2181,192.168.91.131:2181,192.168.91.132:2181 within 10000 ms
	at org.apache.solr.common.cloud.SolrZkClient.&lt;init&gt;(SolrZkClient.java:163)
	at org.apache.solr.common.cloud.SolrZkClient.&lt;init&gt;(SolrZkClient.java:114)
	at org.apache.solr.common.cloud.SolrZkClient.&lt;init&gt;(SolrZkClient.java:104)
	at org.apache.solr.common.cloud.ZkStateReader.&lt;init&gt;(ZkStateReader.java:212)
	at org.apache.solr.client.solrj.impl.CloudSolrServer.connect(CloudSolrServer.java:241)
	at org.apache.solr.client.solrj.impl.CloudSolrServer.request(CloudSolrServer.java:524)
	at org.apache.solr.client.solrj.request.AbstractUpdateRequest.process(AbstractUpdateRequest.java:124)
	at org.apache.solr.client.solrj.SolrServer.deleteByQuery(SolrServer.java:285)
	at org.apache.solr.client.solrj.SolrServer.deleteByQuery(SolrServer.java:271)
	at com.taotao.search.SolrCloudTest.deleteDocument(SolrCloudTest.java:47)
	at sun.reflect.NativeMethodAccessorImpl.invoke0(Native Method)
	at sun.reflect.NativeMethodAccessorImpl.invoke(NativeMethodAccessorImpl.java:62)
	at sun.reflect.DelegatingMethodAccessorImpl.invoke(DelegatingMethodAccessorImpl.java:43)
	at java.lang.reflect.Method.invoke(Method.java:498)
	at org.junit.runners.model.FrameworkMethod$1.runReflectiveCall(FrameworkMethod.java:50)
	at org.junit.internal.runners.model.ReflectiveCallable.run(ReflectiveCallable.java:12)
	at org.junit.runners.model.FrameworkMethod.invokeExplosively(FrameworkMethod.java:47)
	at org.junit.internal.runners.statements.InvokeMethod.evaluate(InvokeMethod.java:17)
	at org.junit.runners.ParentRunner.runLeaf(ParentRunner.java:325)
	at org.junit.runners.BlockJUnit4ClassRunner.runChild(BlockJUnit4ClassRunner.java:78)
	at org.junit.runners.BlockJUnit4ClassRunner.runChild(BlockJUnit4ClassRunner.java:57)
	at org.junit.runners.ParentRunner$3.run(ParentRunner.java:290)
	at org.junit.runners.ParentRunner$1.schedule(ParentRunner.java:71)
	at org.junit.runners.ParentRunner.runChildren(ParentRunner.java:288)
	at org.junit.runners.ParentRunner.access$000(ParentRunner.java:58)
	at org.junit.runners.ParentRunner$2.evaluate(ParentRunner.java:268)
	at org.junit.runners.ParentRunner.run(ParentRunner.java:363)
	at org.apache.maven.surefire.junit4.JUnit4Provider.execute(JUnit4Provider.java:252)
	at org.apache.maven.surefire.junit4.JUnit4Provider.executeTestSet(JUnit4Provider.java:141)
	at org.apache.maven.surefire.junit4.JUnit4Provider.invoke(JUnit4Provider.java:112)
	at sun.reflect.NativeMethodAccessorImpl.invoke0(Native Method)
	at sun.reflect.NativeMethodAccessorImpl.invoke(NativeMethodAccessorImpl.java:62)
	at sun.reflect.DelegatingMethodAccessorImpl.invoke(DelegatingMethodAccessorImpl.java:43)
	at java.lang.reflect.Method.invoke(Method.java:498)
	at org.apache.maven.surefire.util.ReflectionUtils.invokeMethodWithArray(ReflectionUtils.java:189)
	at org.apache.maven.surefire.booter.ProviderFactory$ProviderProxy.invoke(ProviderFactory.java:165)
	at org.apache.maven.surefire.booter.ProviderFactory.invokeProvider(ProviderFactory.java:85)
	at org.apache.maven.surefire.booter.ForkedBooter.runSuitesInProcess(ForkedBooter.java:115)
	at org.apache.maven.surefire.booter.ForkedBooter.main(ForkedBooter.java:75)
Caused by: java.util.concurrent.TimeoutException: Could not connect to ZooKeeper 192.168.91.130:2181,192.168.91.131:2181,192.168.91.132:2181 within 10000 ms
	at org.apache.solr.common.cloud.ConnectionManager.waitForConnected(ConnectionManager.java:223)
	at org.apache.solr.common.cloud.SolrZkClient.&lt;init&gt;(SolrZkClient.java:155)
	... 38 more
</error>
    <system-out>2017-07-03 09:18:21,394 [main] [org.apache.zookeeper.ZooKeeper]-[INFO] Client environment:zookeeper.version=3.4.6-1569965, built on 02/20/2014 09:09 GMT
2017-07-03 09:18:21,395 [main] [org.apache.zookeeper.ZooKeeper]-[INFO] Client environment:host.name=ForYanni
2017-07-03 09:18:21,395 [main] [org.apache.zookeeper.ZooKeeper]-[INFO] Client environment:java.version=1.8.0_131
2017-07-03 09:18:21,395 [main] [org.apache.zookeeper.ZooKeeper]-[INFO] Client environment:java.vendor=Oracle Corporation
2017-07-03 09:18:21,396 [main] [org.apache.zookeeper.ZooKeeper]-[INFO] Client environment:java.home=E:\JAVA\jdk1.8.0_131\jre
2017-07-03 09:18:21,396 [main] [org.apache.zookeeper.ZooKeeper]-[INFO] Client environment:java.class.path=F:\JAVAEE\yanni-search\target\test-classes;F:\JAVAEE\yanni-search\target\classes;C:\Users\yanni\.m2\repository\yanni\yanni-manager-mapper\0.0.1-SNAPSHOT\yanni-manager-mapper-0.0.1-SNAPSHOT.jar;C:\Users\yanni\.m2\repository\yanni\yanni-manager-pojo\0.0.1-SNAPSHOT\yanni-manager-pojo-0.0.1-SNAPSHOT.jar;C:\Users\yanni\.m2\repository\org\mybatis\mybatis\3.2.8\mybatis-3.2.8.jar;C:\Users\yanni\.m2\repository\org\mybatis\mybatis-spring\1.2.2\mybatis-spring-1.2.2.jar;C:\Users\yanni\.m2\repository\com\github\miemiedev\mybatis-paginator\1.2.15\mybatis-paginator-1.2.15.jar;C:\Users\yanni\.m2\repository\com\github\pagehelper\pagehelper\3.4.2-fix\pagehelper-3.4.2-fix.jar;C:\Users\yanni\.m2\repository\com\github\jsqlparser\jsqlparser\0.9\jsqlparser-0.9.jar;C:\Users\yanni\.m2\repository\junit\junit\4.12\junit-4.12.jar;C:\Users\yanni\.m2\repository\org\hamcrest\hamcrest-core\1.3\hamcrest-core-1.3.jar;C:\Users\yanni\.m2\repository\mysql\mysql-connector-java\5.1.32\mysql-connector-java-5.1.32.jar;C:\Users\yanni\.m2\repository\com\alibaba\druid\1.0.9\druid-1.0.9.jar;E:\JAVA\jdk1.8.0_131\jre\..\lib\jconsole.jar;E:\JAVA\jdk1.8.0_131\jre\..\lib\tools.jar;C:\Users\yanni\.m2\repository\yanni\yanni-common\0.0.1-SNAPSHOT\yanni-common-0.0.1-SNAPSHOT.jar;C:\Users\yanni\.m2\repository\joda-time\joda-time\2.5\joda-time-2.5.jar;C:\Users\yanni\.m2\repository\org\apache\commons\commons-lang3\3.3.2\commons-lang3-3.3.2.jar;C:\Users\yanni\.m2\repository\commons-net\commons-net\3.3\commons-net-3.3.jar;C:\Users\yanni\.m2\repository\com\fasterxml\jackson\core\jackson-databind\2.4.2\jackson-databind-2.4.2.jar;C:\Users\yanni\.m2\repository\com\fasterxml\jackson\core\jackson-annotations\2.4.0\jackson-annotations-2.4.0.jar;C:\Users\yanni\.m2\repository\com\fasterxml\jackson\core\jackson-core\2.4.2\jackson-core-2.4.2.jar;C:\Users\yanni\.m2\repository\org\slf4j\slf4j-log4j12\1.6.4\slf4j-log4j12-1.6.4.jar;C:\Users\yanni\.m2\repository\log4j\log4j\1.2.16\log4j-1.2.16.jar;C:\Users\yanni\.m2\repository\org\springframework\spring-context\4.1.3.RELEASE\spring-context-4.1.3.RELEASE.jar;C:\Users\yanni\.m2\repository\org\springframework\spring-aop\4.1.3.RELEASE\spring-aop-4.1.3.RELEASE.jar;C:\Users\yanni\.m2\repository\aopalliance\aopalliance\1.0\aopalliance-1.0.jar;C:\Users\yanni\.m2\repository\org\springframework\spring-core\4.1.3.RELEASE\spring-core-4.1.3.RELEASE.jar;C:\Users\yanni\.m2\repository\commons-logging\commons-logging\1.2\commons-logging-1.2.jar;C:\Users\yanni\.m2\repository\org\springframework\spring-expression\4.1.3.RELEASE\spring-expression-4.1.3.RELEASE.jar;C:\Users\yanni\.m2\repository\org\springframework\spring-beans\4.1.3.RELEASE\spring-beans-4.1.3.RELEASE.jar;C:\Users\yanni\.m2\repository\org\springframework\spring-webmvc\4.1.3.RELEASE\spring-webmvc-4.1.3.RELEASE.jar;C:\Users\yanni\.m2\repository\org\springframework\spring-web\4.1.3.RELEASE\spring-web-4.1.3.RELEASE.jar;C:\Users\yanni\.m2\repository\org\springframework\spring-jdbc\4.1.3.RELEASE\spring-jdbc-4.1.3.RELEASE.jar;C:\Users\yanni\.m2\repository\org\springframework\spring-tx\4.1.3.RELEASE\spring-tx-4.1.3.RELEASE.jar;C:\Users\yanni\.m2\repository\org\springframework\spring-aspects\4.1.3.RELEASE\spring-aspects-4.1.3.RELEASE.jar;C:\Users\yanni\.m2\repository\org\aspectj\aspectjweaver\1.8.4\aspectjweaver-1.8.4.jar;C:\Users\yanni\.m2\repository\javax\servlet\servlet-api\2.5\servlet-api-2.5.jar;C:\Users\yanni\.m2\repository\javax\servlet\jsp-api\2.0\jsp-api-2.0.jar;C:\Users\yanni\.m2\repository\org\apache\solr\solr-solrj\4.10.3\solr-solrj-4.10.3.jar;C:\Users\yanni\.m2\repository\commons-io\commons-io\2.3\commons-io-2.3.jar;C:\Users\yanni\.m2\repository\org\apache\httpcomponents\httpclient\4.3.5\httpclient-4.3.5.jar;C:\Users\yanni\.m2\repository\org\apache\httpcomponents\httpcore\4.3\httpcore-4.3.jar;C:\Users\yanni\.m2\repository\org\apache\httpcomponents\httpmime\4.3.1\httpmime-4.3.1.jar;C:\Users\yanni\.m2\repository\org\apache\zookeeper\zookeeper\3.4.6\zookeeper-3.4.6.jar;C:\Users\yanni\.m2\repository\org\codehaus\woodstox\wstx-asl\3.2.7\wstx-asl-3.2.7.jar;C:\Users\yanni\.m2\repository\org\noggit\noggit\0.5\noggit-0.5.jar;C:\Users\yanni\.m2\repository\org\slf4j\slf4j-api\1.7.6\slf4j-api-1.7.6.jar;
2017-07-03 09:18:21,397 [main] [org.apache.zookeeper.ZooKeeper]-[INFO] Client environment:java.library.path=E:\JAVA\jdk1.8.0_131\jre\bin;C:\Windows\Sun\Java\bin;C:\Windows\system32;C:\Windows;E:\JAVA\jdk1.8.0_131\bin;E:\JAVA\jdk1.8.0_131\jre\bin;C:\ProgramData\Oracle\Java\javapath;C:\Windows\system32;C:\Windows;C:\Windows\System32\Wbem;C:\Windows\System32\WindowsPowerShell\v1.0\;.
2017-07-03 09:18:21,397 [main] [org.apache.zookeeper.ZooKeeper]-[INFO] Client environment:java.io.tmpdir=C:\Users\yanni\AppData\Local\Temp\
2017-07-03 09:18:21,398 [main] [org.apache.zookeeper.ZooKeeper]-[INFO] Client environment:java.compiler=&lt;NA&gt;
2017-07-03 09:18:21,398 [main] [org.apache.zookeeper.ZooKeeper]-[INFO] Client environment:os.name=Windows 10
2017-07-03 09:18:21,398 [main] [org.apache.zookeeper.ZooKeeper]-[INFO] Client environment:os.arch=amd64
2017-07-03 09:18:21,398 [main] [org.apache.zookeeper.ZooKeeper]-[INFO] Client environment:os.version=10.0
2017-07-03 09:18:21,399 [main] [org.apache.zookeeper.ZooKeeper]-[INFO] Client environment:user.name=yanni
2017-07-03 09:18:21,399 [main] [org.apache.zookeeper.ZooKeeper]-[INFO] Client environment:user.home=C:\Users\yanni
2017-07-03 09:18:21,399 [main] [org.apache.zookeeper.ZooKeeper]-[INFO] Client environment:user.dir=F:\JAVAEE\yanni-search
2017-07-03 09:18:21,401 [main] [org.apache.zookeeper.ZooKeeper]-[INFO] Initiating client connection, connectString=192.168.91.130:2181,192.168.91.131:2181,192.168.91.132:2181 sessionTimeout=10000 watcher=org.apache.solr.common.cloud.ConnectionManager@57baeedf
2017-07-03 09:18:21,580 [main] [org.apache.solr.common.cloud.ConnectionManager]-[INFO] Waiting for client to connect to ZooKeeper
2017-07-03 09:18:21,584 [main-SendThread(192.168.91.132:2181)] [org.apache.zookeeper.ClientCnxn]-[INFO] Opening socket connection to server 192.168.91.132/192.168.91.132:2181. Will not attempt to authenticate using SASL (unknown error)
2017-07-03 09:18:24,919 [main-SendThread(192.168.91.132:2181)] [org.apache.zookeeper.ClientCnxn]-[INFO] Client session timed out, have not heard from server in 3338ms for sessionid 0x0, closing socket connection and attempting reconnect
2017-07-03 09:18:25,026 [main-SendThread(192.168.91.131:2181)] [org.apache.zookeeper.ClientCnxn]-[INFO] Opening socket connection to server 192.168.91.131/192.168.91.131:2181. Will not attempt to authenticate using SASL (unknown error)
2017-07-03 09:18:28,363 [main-SendThread(192.168.91.131:2181)] [org.apache.zookeeper.ClientCnxn]-[INFO] Client session timed out, have not heard from server in 3338ms for sessionid 0x0, closing socket connection and attempting reconnect
2017-07-03 09:18:28,464 [main-SendThread(192.168.91.130:2181)] [org.apache.zookeeper.ClientCnxn]-[INFO] Opening socket connection to server 192.168.91.130/192.168.91.130:2181. Will not attempt to authenticate using SASL (unknown error)
2017-07-03 09:18:31,905 [main] [org.apache.zookeeper.ZooKeeper]-[INFO] Session: 0x0 closed
2017-07-03 09:18:31,905 [main-EventThread] [org.apache.zookeeper.ClientCnxn]-[INFO] EventThread shut down
</system-out>
  </testcase>
  <testcase classname="com.taotao.search.SolrCloudTest" name="testAddDocument" time="10.32">
    <error message="java.util.concurrent.TimeoutException: Could not connect to ZooKeeper 192.168.91.130:2181,192.168.91.131:2181,192.168.91.132:2181 within 10000 ms" type="org.apache.solr.common.SolrException">org.apache.solr.common.SolrException: java.util.concurrent.TimeoutException: Could not connect to ZooKeeper 192.168.91.130:2181,192.168.91.131:2181,192.168.91.132:2181 within 10000 ms
	at org.apache.solr.common.cloud.SolrZkClient.&lt;init&gt;(SolrZkClient.java:163)
	at org.apache.solr.common.cloud.SolrZkClient.&lt;init&gt;(SolrZkClient.java:114)
	at org.apache.solr.common.cloud.SolrZkClient.&lt;init&gt;(SolrZkClient.java:104)
	at org.apache.solr.common.cloud.ZkStateReader.&lt;init&gt;(ZkStateReader.java:212)
	at org.apache.solr.client.solrj.impl.CloudSolrServer.connect(CloudSolrServer.java:241)
	at org.apache.solr.client.solrj.impl.CloudSolrServer.request(CloudSolrServer.java:524)
	at org.apache.solr.client.solrj.request.AbstractUpdateRequest.process(AbstractUpdateRequest.java:124)
	at org.apache.solr.client.solrj.SolrServer.add(SolrServer.java:116)
	at org.apache.solr.client.solrj.SolrServer.add(SolrServer.java:102)
	at com.taotao.search.SolrCloudTest.testAddDocument(SolrCloudTest.java:32)
	at sun.reflect.NativeMethodAccessorImpl.invoke0(Native Method)
	at sun.reflect.NativeMethodAccessorImpl.invoke(NativeMethodAccessorImpl.java:62)
	at sun.reflect.DelegatingMethodAccessorImpl.invoke(DelegatingMethodAccessorImpl.java:43)
	at java.lang.reflect.Method.invoke(Method.java:498)
	at org.junit.runners.model.FrameworkMethod$1.runReflectiveCall(FrameworkMethod.java:50)
	at org.junit.internal.runners.model.ReflectiveCallable.run(ReflectiveCallable.java:12)
	at org.junit.runners.model.FrameworkMethod.invokeExplosively(FrameworkMethod.java:47)
	at org.junit.internal.runners.statements.InvokeMethod.evaluate(InvokeMethod.java:17)
	at org.junit.runners.ParentRunner.runLeaf(ParentRunner.java:325)
	at org.junit.runners.BlockJUnit4ClassRunner.runChild(BlockJUnit4ClassRunner.java:78)
	at org.junit.runners.BlockJUnit4ClassRunner.runChild(BlockJUnit4ClassRunner.java:57)
	at org.junit.runners.ParentRunner$3.run(ParentRunner.java:290)
	at org.junit.runners.ParentRunner$1.schedule(ParentRunner.java:71)
	at org.junit.runners.ParentRunner.runChildren(ParentRunner.java:288)
	at org.junit.runners.ParentRunner.access$000(ParentRunner.java:58)
	at org.junit.runners.ParentRunner$2.evaluate(ParentRunner.java:268)
	at org.junit.runners.ParentRunner.run(ParentRunner.java:363)
	at org.apache.maven.surefire.junit4.JUnit4Provider.execute(JUnit4Provider.java:252)
	at org.apache.maven.surefire.junit4.JUnit4Provider.executeTestSet(JUnit4Provider.java:141)
	at org.apache.maven.surefire.junit4.JUnit4Provider.invoke(JUnit4Provider.java:112)
	at sun.reflect.NativeMethodAccessorImpl.invoke0(Native Method)
	at sun.reflect.NativeMethodAccessorImpl.invoke(NativeMethodAccessorImpl.java:62)
	at sun.reflect.DelegatingMethodAccessorImpl.invoke(DelegatingMethodAccessorImpl.java:43)
	at java.lang.reflect.Method.invoke(Method.java:498)
	at org.apache.maven.surefire.util.ReflectionUtils.invokeMethodWithArray(ReflectionUtils.java:189)
	at org.apache.maven.surefire.booter.ProviderFactory$ProviderProxy.invoke(ProviderFactory.java:165)
	at org.apache.maven.surefire.booter.ProviderFactory.invokeProvider(ProviderFactory.java:85)
	at org.apache.maven.surefire.booter.ForkedBooter.runSuitesInProcess(ForkedBooter.java:115)
	at org.apache.maven.surefire.booter.ForkedBooter.main(ForkedBooter.java:75)
Caused by: java.util.concurrent.TimeoutException: Could not connect to ZooKeeper 192.168.91.130:2181,192.168.91.131:2181,192.168.91.132:2181 within 10000 ms
	at org.apache.solr.common.cloud.ConnectionManager.waitForConnected(ConnectionManager.java:223)
	at org.apache.solr.common.cloud.SolrZkClient.&lt;init&gt;(SolrZkClient.java:155)
	... 38 more
</error>
    <system-out>2017-07-03 09:18:31,940 [main] [org.apache.zookeeper.ZooKeeper]-[INFO] Initiating client connection, connectString=192.168.91.130:2181,192.168.91.131:2181,192.168.91.132:2181 sessionTimeout=10000 watcher=org.apache.solr.common.cloud.ConnectionManager@614ddd49
2017-07-03 09:18:31,944 [main] [org.apache.solr.common.cloud.ConnectionManager]-[INFO] Waiting for client to connect to ZooKeeper
2017-07-03 09:18:31,945 [main-SendThread(192.168.91.132:2181)] [org.apache.zookeeper.ClientCnxn]-[INFO] Opening socket connection to server 192.168.91.132/192.168.91.132:2181. Will not attempt to authenticate using SASL (unknown error)
2017-07-03 09:18:35,282 [main-SendThread(192.168.91.132:2181)] [org.apache.zookeeper.ClientCnxn]-[INFO] Client session timed out, have not heard from server in 3337ms for sessionid 0x0, closing socket connection and attempting reconnect
2017-07-03 09:18:35,384 [main-SendThread(192.168.91.131:2181)] [org.apache.zookeeper.ClientCnxn]-[INFO] Opening socket connection to server 192.168.91.131/192.168.91.131:2181. Will not attempt to authenticate using SASL (unknown error)
2017-07-03 09:18:38,722 [main-SendThread(192.168.91.131:2181)] [org.apache.zookeeper.ClientCnxn]-[INFO] Client session timed out, have not heard from server in 3338ms for sessionid 0x0, closing socket connection and attempting reconnect
2017-07-03 09:18:38,824 [main-SendThread(192.168.91.130:2181)] [org.apache.zookeeper.ClientCnxn]-[INFO] Opening socket connection to server 192.168.91.130/192.168.91.130:2181. Will not attempt to authenticate using SASL (unknown error)
2017-07-03 09:18:42,258 [main] [org.apache.zookeeper.ZooKeeper]-[INFO] Session: 0x0 closed
2017-07-03 09:18:42,258 [main-EventThread] [org.apache.zookeeper.ClientCnxn]-[INFO] EventThread shut down
</system-out>
  </testcase>
</testsuite>